<?xml version="1.0" encoding="UTF-8"?>
<!-- Generated by org.testng.reporters.JUnitXMLReporter -->
<testsuite ignored="0" hostname="DESKTOP-68P3RKI" failures="0" tests="5" name="Test" time="22.031" errors="0" timestamp="2022-08-08T18:17:31 IST">
  <testcase classname="com.telus.testng.RegistrationDemoEndToEnd" name="launchApplication" time="12.629"/>
  <testcase classname="com.telus.testng.RegistrationDemoEndToEnd" name="navigateToRegistrationForm" time="3.357"/>
  <testcase classname="com.telus.testng.RegistrationDemoEndToEnd" name="registerUserAccount" time="5.593"/>
  <testcase classname="com.telus.testng.RegistrationDemoEndToEnd" name="successfulMsg" time="0.068"/>
  <testcase classname="com.telus.testng.RegistrationDemoEndToEnd" name="closeApplication" time="0.296"/>
</testsuite> <!-- Test -->
