<?xml version="1.0" encoding="UTF-8"?>
<!-- Generated by org.testng.reporters.JUnitXMLReporter -->
<testsuite ignored="0" hostname="DESKTOP-68P3RKI" failures="0" tests="5" name="Default test" time="38.767" errors="0" timestamp="2022-09-06T20:53:52 IST">
  <testcase classname="com.telus.testng.RegistrationDemoEndToEnd" name="launchApplication" time="22.092"/>
  <testcase classname="com.telus.testng.RegistrationDemoEndToEnd" name="navigateToRegistrationForm" time="6.733"/>
  <testcase classname="com.telus.testng.RegistrationDemoEndToEnd" name="registerUserAccount" time="5.613"/>
  <testcase classname="com.telus.testng.RegistrationDemoEndToEnd" name="successfulMessage" time="0.085"/>
  <testcase classname="com.telus.testng.RegistrationDemoEndToEnd" name="closeApplication" time="4.162"/>
</testsuite> <!-- Default test -->
