<?xml version="1.0" encoding="UTF-8"?>
<testsuite xmlns:xsi="http://www.w3.org/2001/XMLSchema-instance" xsi:noNamespaceSchemaLocation="https://maven.apache.org/surefire/maven-surefire-plugin/xsd/surefire-test-report.xsd" name="TestSuite" time="27.539" tests="5" errors="0" skipped="0" failures="0">
  <properties>
[...]
</properties>
  <testcase name="launchApplication" classname="com.telus.testng.RegistrationDemoEndToEnd" time="17.163"/>
  <testcase name="navigateToRegistrationForm" classname="com.telus.testng.RegistrationDemoEndToEnd" time="3.915"/>
  <testcase name="registerUserAccount" classname="com.telus.testng.RegistrationDemoEndToEnd" time="5.305"/>
  <testcase name="successfulMessage" classname="com.telus.testng.RegistrationDemoEndToEnd" time="0.084"/>
  <testcase name="closeApplication" classname="com.telus.testng.RegistrationDemoEndToEnd" time="0.168"/>
</testsuite>