<?xml version="1.0" encoding="UTF-8"?>
<!-- Generated by org.testng.reporters.JUnitXMLReporter -->
<testsuite ignored="0" hostname="DESKTOP-68P3RKI" failures="0" tests="5" name="RegistrationDemoEndToEndTest" time="22.012" errors="0" timestamp="2022-08-08T20:51:48 IST">
  <testcase classname="com.telus.testng.RegistrationDemoEndToEnd" name="launchApplication" time="10.647"/>
  <testcase classname="com.telus.testng.RegistrationDemoEndToEnd" name="navigateToRegistrationForm" time="2.399"/>
  <testcase classname="com.telus.testng.RegistrationDemoEndToEnd" name="registerUserAccount" time="4.691"/>
  <testcase classname="com.telus.testng.RegistrationDemoEndToEnd" name="successfulMessage" time="0.045"/>
  <testcase classname="com.telus.testng.RegistrationDemoEndToEnd" name="closeApplication" time="4.165"/>
</testsuite> <!-- RegistrationDemoEndToEndTest -->
