<?xml version="1.0" encoding="UTF-8"?>
<!-- Generated by org.testng.reporters.JUnitXMLReporter -->
<testsuite ignored="0" hostname="DESKTOP-68P3RKI" failures="0" tests="5" name="RegistrationDemoEndToEndTest" time="26.679" errors="0" timestamp="2022-09-06T21:03:37 IST">
  <testcase classname="com.telus.testng.RegistrationDemoEndToEnd" name="launchApplication" time="17.153"/>
  <testcase classname="com.telus.testng.RegistrationDemoEndToEnd" name="navigateToRegistrationForm" time="3.915"/>
  <testcase classname="com.telus.testng.RegistrationDemoEndToEnd" name="registerUserAccount" time="5.308"/>
  <testcase classname="com.telus.testng.RegistrationDemoEndToEnd" name="successfulMessage" time="0.083"/>
  <testcase classname="com.telus.testng.RegistrationDemoEndToEnd" name="closeApplication" time="0.17"/>
</testsuite> <!-- RegistrationDemoEndToEndTest -->
